<?xml version="1.0" encoding="UTF-8"?>
<!-- Generated by org.testng.reporters.JUnitReportReporter -->
<testsuite skipped="0" hostname="DESKTOP-PHM6UT4" name="testing.Class2" tests="1" failures="0" timestamp="28 May 2019 23:25:44 GMT" time="4.780" errors="0">
  <testcase name="verifyWikil" time="4.780" classname="testing.Class2"/>
</testsuite> <!-- testing.Class2 -->
