<?xml version="1.0" encoding="UTF-8"?>
<!-- Generated by org.testng.reporters.JUnitReportReporter -->
<testsuite skipped="0" hostname="DESKTOP-PHM6UT4" name="testing.Class1" tests="2" failures="0" timestamp="28 May 2019 23:25:44 GMT" time="28.219" errors="0">
  <testcase name="verifyGoogle" time="2.937" classname="testing.Class1"/>
  <testcase name="verifyYahoo" time="25.282" classname="testing.Class1"/>
</testsuite> <!-- testing.Class1 -->
