<?xml version="1.0" encoding="UTF-8"?>
<!-- Generated by org.testng.reporters.JUnitReportReporter -->
<testsuite skipped="0" hostname="DESKTOP-PHM6UT4" name="testing.Intdatadriven" tests="3" failures="0" timestamp="04 Jun 2019 21:53:55 GMT" time="0.017" errors="0">
  <testcase name="add" time="0.003" classname="testing.Intdatadriven"/>
  <testcase name="add" time="0.012" classname="testing.Intdatadriven"/>
  <testcase name="add" time="0.002" classname="testing.Intdatadriven"/>
</testsuite> <!-- testing.Intdatadriven -->
