<?xml version="1.0" encoding="UTF-8"?>
<!-- Generated by org.testng.reporters.JUnitReportReporter -->
<testsuite skipped="0" hostname="DESKTOP-PHM6UT4" name="testing.NewTest" tests="4" failures="0" timestamp="29 May 2019 22:17:02 GMT" time="45.439" errors="0">
  <testcase name="launchBrowser" time="4.554" classname="testing.NewTest"/>
  <testcase name="verifyYahoo" time="37.643" classname="testing.NewTest"/>
  <testcase name="verifyWikil" time="2.978" classname="testing.NewTest"/>
  <testcase name="closeBrowser" time="0.264" classname="testing.NewTest"/>
</testsuite> <!-- testing.NewTest -->
